This is pdfTeX, Version 3.14159265-2.6-1.40.19 (TeX Live 2018) (preloaded format=pdflatex 2018.5.25)  25 MAY 2018 16:17
entering extended mode
 restricted \write18 enabled.
 file:line:error style messages enabled.
 %&-line parsing enabled.
**main
(./main.tex
LaTeX2e <2018-04-01> patch level 2
Babel <3.18> and hyphenation patterns for 22 language(s) loaded.
(./SelimArticle.cls
Document Class: SelimArticle 17/02/14 Selim's template for school
(/usr/local/texlive/2018basic/texmf-dist/tex/latex/base/article.cls
Document Class: article 2014/09/29 v1.4h Standard LaTeX document class
(/usr/local/texlive/2018basic/texmf-dist/tex/latex/base/fleqn.clo
File: fleqn.clo 2016/12/29 v1.2a Standard LaTeX option (flush left equations)
\mathindent=\dimen102
Applying: [2015/01/01] Make \[ robust on input line 50.
LaTeX Info: Redefining \[ on input line 51.
Already applied: [0000/00/00] Make \[ robust on input line 62.
Applying: [2015/01/01] Make \] robust on input line 74.
LaTeX Info: Redefining \] on input line 75.
Already applied: [0000/00/00] Make \] robust on input line 83.
)
(/usr/local/texlive/2018basic/texmf-dist/tex/latex/base/size12.clo
File: size12.clo 2014/09/29 v1.4h Standard LaTeX file (size option)
)
\c@part=\count80
\c@section=\count81
\c@subsection=\count82
\c@subsubsection=\count83
\c@paragraph=\count84
\c@subparagraph=\count85
\c@figure=\count86
\c@table=\count87
\abovecaptionskip=\skip41
\belowcaptionskip=\skip42
\bibindent=\dimen103
)
(/usr/local/texlive/2018basic/texmf-dist/tex/latex/nomencl/nomencl.sty
Package: nomencl 2005/09/22 v4.2 Nomenclature package (LN)
\nomlabelwidth=\dimen104
\nom@tempdim=\dimen105
\nomitemsep=\skip43
)
\@nomenclaturefile=\write3

./SelimArticle.cls:20: I can't write on file `main.nlo'.
<to be read again> 
                   \def 
l.20     \makenomenclature
                          
(Press Enter to retry, or Control-D to exit; default file extension is `.tex')
Please type another output file name
./SelimArticle.cls:20: Emergency stop.
<to be read again> 
                   \def 
l.20     \makenomenclature
                          
*** (job aborted, file error in nonstop mode)

 
Here is how much of TeX's memory you used:
 319 strings out of 494091
 3706 string characters out of 6163523
 58044 words of memory out of 5000000
 4073 multiletter control sequences out of 15000+600000
 3938 words of font info for 15 fonts, out of 8000000 for 9000
 319 hyphenation exceptions out of 8191
 29i,0n,27p,156b,36s stack positions out of 5000i,500n,10000p,200000b,80000s
./SelimArticle.cls:20:  ==> Fatal error occurred, no output PDF file produced!
